{"time":"2025-06-06T12:26:30.982Z","method":"POST","url":"https://api.stripe.com/v1/payment_intents","status":"curl"}
{"time":"2025-06-06T12:26:31.020Z","method":"POST","url":"https://api.stripe.com/v1/customers","status":"curl"}
{"time":"2025-06-06T12:26:31.284Z","method":"GET","url":"https://api.stripe.com/v1/payment_intents/pi_3RWzLuD35SV3N8Kj1MWRQFyK","status":"curl"}
{"time":"2025-06-06T12:26:31.289Z","method":"POST","url":"https://api.stripe.com/v1/setup_intents","status":"curl"}
{"time":"2025-06-06T12:26:31.638Z","method":"POST","url":"https://api.stripe.com/v1/customers","status":"curl"}
{"time":"2025-06-06T12:26:31.856Z","method":"GET","url":"https://api.stripe.com/v1/customers/cus_SRt8wLlO8i7Oyf","status":"curl"}
{"time":"2025-06-06T12:26:32.069Z","method":"GET","url":"https://api.stripe.com/v1/customers?limit=1","status":"curl"}
{"time":"2025-06-06T12:26:32.344Z","method":"GET","url":"https://api.stripe.com/v1/charges?limit=1","status":"curl"}
{"time":"2025-06-06T12:26:32.744Z","method":"POST","url":"https://api.stripe.com/v1/customers","status":"curl"}
{"time":"2025-06-06T12:26:33.015Z","method":"POST","url":"https://api.stripe.com/v1/payment_methods","status":"curl"}
{"time":"2025-06-06T12:26:33.561Z","method":"POST","url":"https://api.stripe.com/v1/payment_methods/pm_1RWzLwD35SV3N8KjiEye3Y2t/attach","status":"curl"}
{"time":"2025-06-06T12:26:33.892Z","method":"GET","url":"https://api.stripe.com/v1/payment_methods?customer=cus_SRt8OihA6qgrVQ&type=card","status":"curl"}
{"time":"2025-06-06T12:26:34.325Z","method":"POST","url":"https://api.stripe.com/v1/customers","status":"curl"}
{"time":"2025-06-06T12:26:34.703Z","method":"POST","url":"https://api.stripe.com/v1/customers/cus_SRt8Uj80oKsayr","status":"curl"}
{"time":"2025-06-06T12:34:20.398Z","method":"POST","url":"https://api.stripe.com/v1/customers","status":"curl"}
{"time":"2025-06-06T12:34:20.399Z","method":"POST","url":"https://api.stripe.com/v1/payment_intents","status":"curl"}
{"time":"2025-06-06T12:34:20.704Z","method":"GET","url":"https://api.stripe.com/v1/payment_intents/pi_3RWzTUD35SV3N8Kj1tJm527O","status":"curl"}
{"time":"2025-06-06T12:34:20.730Z","method":"POST","url":"https://api.stripe.com/v1/setup_intents","status":"curl"}
{"time":"2025-06-06T12:34:21.059Z","method":"POST","url":"https://api.stripe.com/v1/customers","status":"curl"}
{"time":"2025-06-06T12:34:21.334Z","method":"GET","url":"https://api.stripe.com/v1/customers/cus_SRtGAWyqT48Cyg","status":"curl"}
{"time":"2025-06-06T12:34:21.632Z","method":"GET","url":"https://api.stripe.com/v1/customers?limit=1","status":"curl"}
{"time":"2025-06-06T12:34:21.996Z","method":"GET","url":"https://api.stripe.com/v1/charges?limit=1","status":"curl"}
{"time":"2025-06-06T12:34:22.258Z","method":"POST","url":"https://api.stripe.com/v1/payment_intents","status":"curl"}
{"time":"2025-06-06T12:34:22.492Z","method":"GET","url":"https://api.stripe.com/v1/payment_intents?limit=3","status":"curl"}
{"time":"2025-06-06T12:34:22.770Z","method":"POST","url":"https://api.stripe.com/v1/customers","status":"curl"}
{"time":"2025-06-06T12:34:23.096Z","method":"POST","url":"https://api.stripe.com/v1/payment_methods","status":"curl"}
{"time":"2025-06-06T12:34:23.708Z","method":"POST","url":"https://api.stripe.com/v1/payment_methods/pm_1RWzTWD35SV3N8KjsVE340xh/attach","status":"curl"}
{"time":"2025-06-06T12:34:23.976Z","method":"GET","url":"https://api.stripe.com/v1/payment_methods?customer=cus_SRtGUNKOa90ZTc&type=card","status":"curl"}
{"time":"2025-06-06T12:34:24.357Z","method":"POST","url":"https://api.stripe.com/v1/customers","status":"curl"}
{"time":"2025-06-06T12:34:24.723Z","method":"POST","url":"https://api.stripe.com/v1/customers/cus_SRtG1V7ukBfXBQ","status":"curl"}
{"time":"2025-06-06T12:34:25.116Z","method":"DELETE","url":"https://api.stripe.com/v1/customers/cus_SRtG1V7ukBfXBQ","status":"curl"}
{"time":"2025-06-06T12:34:25.473Z","method":"POST","url":"https://api.stripe.com/v1/customers","status":"curl"}
{"time":"2025-06-06T12:34:25.762Z","method":"POST","url":"https://api.stripe.com/v1/ephemeral_keys","status":"curl"}
{"time":"2025-06-06T12:34:26.042Z","method":"POST","url":"https://api.stripe.com/v1/products","status":"curl"}
{"time":"2025-06-06T12:34:26.383Z","method":"POST","url":"https://api.stripe.com/v1/prices","status":"curl"}
{"time":"2025-06-06T12:34:26.642Z","method":"GET","url":"https://api.stripe.com/v1/products/prod_SRtGIrOnMZI95t","status":"curl"}
{"time":"2025-06-06T12:34:26.833Z","method":"GET","url":"https://api.stripe.com/v1/prices/price_1RWzTaD35SV3N8KjXRqaI1j2","status":"curl"}
